<?xml version="1.0" encoding="UTF-8"?>
<!-- Generated by org.testng.reporters.JUnitReportReporter -->
<testsuite skipped="0" hostname="LAPTOP-7HB0FH4D" name="testCases.Read_All_Products" tests="1" failures="0" timestamp="2022-03-31T10:42:55 CDT" time="1.869" errors="0">
  <testcase name="readAllproduct" time="1.869" classname="testCases.Read_All_Products"/>
  <system-out/>
</testsuite> <!-- testCases.Read_All_Products -->
