<?xml version="1.0" encoding="UTF-8"?>
<!-- Generated by org.testng.reporters.JUnitReportReporter -->
<testsuite skipped="0" hostname="LAPTOP-7HB0FH4D" name="testCases.Read_One_Product" tests="1" failures="0" timestamp="2022-03-31T11:29:52 CDT" time="2.346" errors="0">
  <testcase name="readOneProduct" time="2.346" classname="testCases.Read_One_Product"/>
  <system-out/>
</testsuite> <!-- testCases.Read_One_Product -->
